2024-10-14 17:08:16 [[32minfo[39m]: Listening on 8080
2024-10-14 17:10:57 [[32minfo[39m]: Listening on 8080
2024-10-14 17:12:16 [[32minfo[39m]: Listening on 8080
2024-10-14 17:13:29 [[32minfo[39m]: Listening on 8080
2024-10-14 17:14:09 [[31merror[39m]: [GET] api/mocks/mockingusers Users validation failed: password: Path `password` is required., email: Path `email` is required., last_name: Path `last_name` is required., first_name: Path `first_name` is required.
2024-10-14 17:16:40 [[32minfo[39m]: Listening on 8080
2024-10-14 17:16:49 [[31merror[39m]: [GET] api/mocks/mockingusers SOY UN ERROR XD
2024-10-14 17:17:16 [[32minfo[39m]: Listening on 8080
2024-10-14 17:18:37 [[32minfo[39m]: Listening on 8080
2024-10-14 17:18:38 [[31merror[39m]: [GET] api/mocks/mockingusers Users validation failed: password: Path `password` is required., email: Path `email` is required., last_name: Path `last_name` is required., first_name: Path `first_name` is required.
2024-10-14 17:20:13 [[32minfo[39m]: Listening on 8080
2024-10-21 15:31:27 [[32minfo[39m]: Listening on 8080
2024-10-21 15:31:28 [[32minfo[39m]: Listening on 8080
2024-10-21 15:40:31 [[32minfo[39m]: Listening on 8080
2024-10-21 15:40:32 [[32minfo[39m]: Listening on 8080
2024-10-21 16:02:37 [[32minfo[39m]: Listening on 8080
2024-10-21 16:04:23 [[32minfo[39m]: Listening on 8080
2024-10-21 16:11:38 [[32minfo[39m]: Listening on 8080
2024-10-21 16:12:29 [[32minfo[39m]: Listening on 8080
2024-10-21 16:13:16 [[32minfo[39m]: Listening on 8080
2024-10-21 16:33:15 [[32minfo[39m]: Listening on 8080
2024-10-21 16:33:16 [[32minfo[39m]: Listening on 8080
2024-10-21 16:36:21 [[32minfo[39m]: Listening on 8080
2024-11-08 18:57:22 [[32minfo[39m]: Listening on 8080
2024-11-08 18:57:23 [[32minfo[39m]: Listening on 8080
2024-11-08 19:07:39 [[32minfo[39m]: Listening on 8080
2024-11-08 19:14:08 [[32minfo[39m]: Listening on 8080
2024-11-08 19:14:56 [[32minfo[39m]: Listening on 8080
2024-11-08 19:15:10 [[32minfo[39m]: Listening on 8080
2024-11-08 19:30:51 [[32minfo[39m]: Listening on 8080
2024-11-08 19:33:52 [[31merror[39m]: undefined this.userServices.getUserByEmail is not a function
2024-11-08 19:35:40 [[32minfo[39m]: Listening on 8080
2024-11-08 19:36:34 [[32minfo[39m]: Listening on 8080
2024-11-08 19:38:01 [[32minfo[39m]: Listening on 8080
2024-11-08 19:38:53 [[32minfo[39m]: Listening on 8080
2024-11-08 19:46:17 [[32minfo[39m]: Listening on 8080
2024-11-12 12:56:26 [[32minfo[39m]: Listening on 8080
2024-11-12 12:56:27 [[32minfo[39m]: Listening on 8080
2024-11-12 16:20:54 [[32minfo[39m]: Listening on 8080
2024-11-12 16:20:55 [[32minfo[39m]: Listening on 8080
2024-11-12 16:27:52 [[32minfo[39m]: Listening on 8080
2024-11-12 16:32:49 [[31merror[39m]: undefined usersService is not defined
2024-11-12 16:32:53 [[32minfo[39m]: Listening on 8080
2024-11-12 16:32:53 [[31merror[39m]: undefined usersService is not defined
2024-11-12 16:49:54 [[32minfo[39m]: Listening on 8080
2024-11-12 16:51:36 [[32minfo[39m]: Listening on 8080
2024-11-12 17:02:26 [[32minfo[39m]: Listening on 8080
2024-11-12 17:03:16 [[31merror[39m]: undefined usersService is not defined
2024-11-12 17:07:11 [[32minfo[39m]: Listening on 8080
2024-11-12 17:07:19 [[31merror[39m]: undefined userService is not defined
2024-11-12 17:07:21 [[31merror[39m]: undefined userService is not defined
2024-11-12 17:07:45 [[32minfo[39m]: Listening on 8080
2024-11-12 17:08:49 [[31merror[39m]: undefined usersService is not defined
2024-11-12 17:12:23 [[32minfo[39m]: Listening on 8080
2024-11-12 17:12:25 [[31merror[39m]: undefined usersService is not defined
2024-11-12 17:14:48 [[32minfo[39m]: Listening on 8080
2024-11-12 17:14:56 [[31merror[39m]: undefined usersService is not defined
2024-11-12 17:15:10 [[32minfo[39m]: Listening on 8080
2024-11-12 17:15:13 [[31merror[39m]: undefined usersService is not defined
2024-11-12 17:16:36 [[31merror[39m]: undefined usersService is not defined
2024-11-12 17:18:36 [[32minfo[39m]: Listening on 8080
2024-11-12 17:22:22 [[32minfo[39m]: Listening on 8080
2024-11-12 17:22:23 [[32minfo[39m]: Listening on 8080
2024-11-12 17:28:26 [[32minfo[39m]: Listening on 8080
2024-11-12 17:31:52 [[32minfo[39m]: Listening on 8080
2024-11-12 17:34:13 [[32minfo[39m]: Listening on 8080
2024-11-12 17:34:26 [[32minfo[39m]: Listening on 8080
2024-11-12 17:45:50 [[32minfo[39m]: Listening on 8080
2024-11-12 17:50:42 [[32minfo[39m]: Listening on 8080
2024-11-12 17:51:11 [[32minfo[39m]: Listening on 8080
2024-11-12 17:51:29 [[32minfo[39m]: Listening on 8080
2024-11-12 17:55:17 [[32minfo[39m]: Listening on 8080
2024-11-12 18:01:32 [[32minfo[39m]: Listening on 8080
2024-11-12 18:09:46 [[32minfo[39m]: Listening on 8080
2024-11-12 18:18:35 [[32minfo[39m]: Listening on 8080
2024-11-12 18:22:31 [[32minfo[39m]: Listening on 8080
2024-11-12 18:22:32 [[32minfo[39m]: Listening on 8080
2024-11-12 18:26:17 [[32minfo[39m]: Listening on 8080
2024-11-12 18:27:34 [[32minfo[39m]: Listening on 8080
2024-11-12 18:27:45 [[32minfo[39m]: Listening on 8080
2024-11-12 18:28:36 [[32minfo[39m]: Listening on 8080
2024-11-12 18:29:16 [[32minfo[39m]: Listening on 8080
2024-11-12 18:31:08 [[32minfo[39m]: Listening on 8080
2024-11-12 18:32:16 [[32minfo[39m]: Listening on 8080
2024-11-12 18:37:37 [[32minfo[39m]: Listening on 8080
2024-11-12 18:51:56 [[32minfo[39m]: Listening on 8080
2024-11-12 18:55:11 [[32minfo[39m]: Listening on 8080
2024-11-12 18:57:39 [[32minfo[39m]: Listening on 8080
2024-11-12 19:01:55 [[32minfo[39m]: Listening on 8080
2024-11-12 19:02:13 [[32minfo[39m]: Listening on 8080
2024-11-12 19:02:41 [[32minfo[39m]: Listening on 8080
2024-11-12 19:05:50 [[32minfo[39m]: Listening on 8080
2024-11-12 19:10:48 [[32minfo[39m]: Listening on 8080
2024-11-12 19:10:57 [[32minfo[39m]: Listening on 8080
2024-11-12 19:13:01 [[32minfo[39m]: Listening on 8080
2024-11-12 19:23:40 [[32minfo[39m]: Listening on 8080
2024-11-12 19:23:41 [[32minfo[39m]: Listening on 8080
2024-11-12 19:24:35 [[32minfo[39m]: Listening on 8080
2024-11-12 19:28:17 [[32minfo[39m]: Listening on 8080
2024-11-12 19:29:13 [[32minfo[39m]: Listening on 8080
2024-11-12 19:30:58 [[32minfo[39m]: Listening on 8080
2024-11-12 19:35:46 [[32minfo[39m]: Listening on 8080
2024-11-12 19:37:17 [[32minfo[39m]: Listening on 8080
2024-11-12 19:39:46 [[31merror[39m]: undefined this.petService.remove is not a function
2024-11-12 19:41:04 [[32minfo[39m]: Listening on 8080
2024-11-12 19:42:00 [[31merror[39m]: undefined this.petService.remove is not a function
2024-11-12 19:42:21 [[32minfo[39m]: Listening on 8080
2024-11-12 19:44:41 [[32minfo[39m]: Listening on 8080
2024-11-12 19:45:30 [[32minfo[39m]: Listening on 8080
2024-11-12 19:46:24 [[32minfo[39m]: Listening on 8080
2024-11-12 19:49:06 [[32minfo[39m]: Listening on 8080
2024-11-12 19:54:57 [[32minfo[39m]: Listening on 8080
2024-11-12 19:56:13 [[32minfo[39m]: Listening on 8080
2024-11-12 19:57:54 [[32minfo[39m]: Listening on 8080
2024-11-12 19:58:03 [[32minfo[39m]: Listening on 8080
2024-11-12 20:15:33 [[32minfo[39m]: Listening on 8080
2024-11-12 20:15:38 [[32minfo[39m]: Listening on 8080
2024-11-12 20:16:58 [[32minfo[39m]: Listening on 8080
2024-11-12 20:26:49 [[32minfo[39m]: Listening on 8080
2024-11-12 20:26:51 [[32minfo[39m]: Listening on 8080
2024-11-12 21:07:23 [[32minfo[39m]: Listening on 8080
2024-11-12 21:10:10 [[32minfo[39m]: Listening on 8080
2024-11-12 21:31:04 [[32minfo[39m]: Listening on 8080
2024-11-12 21:31:05 [[32minfo[39m]: Listening on 8080
2024-11-12 21:39:18 [[32minfo[39m]: Listening on 8080
2024-11-12 21:43:43 [[32minfo[39m]: Listening on 8080
2024-11-12 21:44:02 [[32minfo[39m]: Listening on 8080
2024-11-12 21:54:17 [[32minfo[39m]: Listening on 8080
2024-11-12 21:55:19 [[32minfo[39m]: Listening on 8080
2024-11-12 22:08:39 [[32minfo[39m]: Listening on 8080
2024-11-12 22:16:29 [[32minfo[39m]: Listening on 8080
2024-11-12 22:19:04 [[32minfo[39m]: Listening on 8080
2024-11-12 22:21:04 [[31merror[39m]: undefined Expected double-quoted property name in JSON at position 30
2024-11-12 22:23:00 [[32minfo[39m]: Listening on 8080
