2024-10-14 17:14:09 [[31merror[39m]: [GET] api/mocks/mockingusers Users validation failed: password: Path `password` is required., email: Path `email` is required., last_name: Path `last_name` is required., first_name: Path `first_name` is required.
2024-10-14 17:16:49 [[31merror[39m]: [GET] api/mocks/mockingusers SOY UN ERROR XD
2024-10-14 17:18:38 [[31merror[39m]: [GET] api/mocks/mockingusers Users validation failed: password: Path `password` is required., email: Path `email` is required., last_name: Path `last_name` is required., first_name: Path `first_name` is required.
2024-11-08 19:33:52 [[31merror[39m]: undefined this.userServices.getUserByEmail is not a function
2024-11-12 16:32:49 [[31merror[39m]: undefined usersService is not defined
2024-11-12 16:32:53 [[31merror[39m]: undefined usersService is not defined
2024-11-12 17:03:16 [[31merror[39m]: undefined usersService is not defined
2024-11-12 17:07:19 [[31merror[39m]: undefined userService is not defined
2024-11-12 17:07:21 [[31merror[39m]: undefined userService is not defined
2024-11-12 17:08:49 [[31merror[39m]: undefined usersService is not defined
2024-11-12 17:12:25 [[31merror[39m]: undefined usersService is not defined
2024-11-12 17:14:56 [[31merror[39m]: undefined usersService is not defined
2024-11-12 17:15:13 [[31merror[39m]: undefined usersService is not defined
2024-11-12 17:16:36 [[31merror[39m]: undefined usersService is not defined
2024-11-12 19:39:46 [[31merror[39m]: undefined this.petService.remove is not a function
2024-11-12 19:42:00 [[31merror[39m]: undefined this.petService.remove is not a function
2024-11-12 22:21:04 [[31merror[39m]: undefined Expected double-quoted property name in JSON at position 30
2024-11-13 12:23:23 [[31merror[39m]: undefined Expected double-quoted property name in JSON at position 34
2024-11-13 12:26:50 [[31merror[39m]: undefined usersService is not defined
2024-11-13 12:29:05 [[31merror[39m]: undefined usersService is not defined
